<?xml version="1.0" encoding="UTF-8"?>
<testsuite xmlns:xsi="http://www.w3.org/2001/XMLSchema-instance" xsi:noNamespaceSchemaLocation="https://maven.apache.org/surefire/maven-surefire-plugin/xsd/surefire-test-report-3.0.xsd" version="3.0" name="com.dal.pharmacy.Pharmacy.management.PharmacyManagementApplicationTests" time="47.129" tests="1" errors="0" skipped="0" failures="0">
  <properties>
[...]
</properties>
  <testcase name="testhello" classname="com.dal.pharmacy.Pharmacy.management.PharmacyManagementApplicationTests" time="0.301">
    <system-out><![CDATA[
  .   ____          _            __ _ _
 /\\ / ___'_ __ _ _(_)_ __  __ _ \ \ \ \
( ( )\___ | '_ | '_| | '_ \/ _` | \ \ \ \
 \\/  ___)| |_)| | | | | || (_| |  ) ) ) )
  '  |____| .__|_| |_|_| |_\__, | / / / /
 =========|_|==============|___/=/_/_/_/
 :: Spring Boot ::                (v3.1.0)

2023-06-26T21:17:36.459+05:30  INFO 12860 --- [           main] p.P.m.PharmacyManagementApplicationTests : Starting PharmacyManagementApplicationTests using Java 17.0.7 with PID 12860 (started by sametta.naga in C:\Users\sametta.naga\eclipse-workspace\PharmacyManagement)
2023-06-26T21:17:36.490+05:30  INFO 12860 --- [           main] p.P.m.PharmacyManagementApplicationTests : No active profile set, falling back to 1 default profile: "default"
2023-06-26T21:17:43.168+05:30  INFO 12860 --- [           main] .s.d.r.c.RepositoryConfigurationDelegate : Bootstrapping Spring Data JPA repositories in DEFAULT mode.
2023-06-26T21:17:43.572+05:30  INFO 12860 --- [           main] .s.d.r.c.RepositoryConfigurationDelegate : Finished Spring Data repository scanning in 355 ms. Found 4 JPA repository interfaces.
2023-06-26T21:17:47.220+05:30  INFO 12860 --- [           main] o.hibernate.jpa.internal.util.LogHelper  : HHH000204: Processing PersistenceUnitInfo [name: default]
2023-06-26T21:17:48.003+05:30  INFO 12860 --- [           main] org.hibernate.Version                    : HHH000412: Hibernate ORM core version 6.2.2.Final
2023-06-26T21:17:48.021+05:30  INFO 12860 --- [           main] org.hibernate.cfg.Environment            : HHH000406: Using bytecode reflection optimizer
2023-06-26T21:17:49.741+05:30  INFO 12860 --- [           main] o.h.b.i.BytecodeProviderInitiator        : HHH000021: Bytecode provider name : bytebuddy
2023-06-26T21:17:50.764+05:30  INFO 12860 --- [           main] o.s.o.j.p.SpringPersistenceUnitInfo      : No LoadTimeWeaver setup: ignoring JPA class transformer
2023-06-26T21:17:50.869+05:30  INFO 12860 --- [           main] com.zaxxer.hikari.HikariDataSource       : HikariPool-1 - Starting...
2023-06-26T21:17:52.246+05:30  INFO 12860 --- [           main] com.zaxxer.hikari.pool.HikariPool        : HikariPool-1 - Added connection oracle.jdbc.driver.T4CConnection@793cef95
2023-06-26T21:17:52.256+05:30  INFO 12860 --- [           main] com.zaxxer.hikari.HikariDataSource       : HikariPool-1 - Start completed.
2023-06-26T21:17:52.817+05:30  INFO 12860 --- [           main] org.hibernate.orm.dialect                : HHH035001: Using dialect: org.hibernate.dialect.OracleDialect, version: 11.2
2023-06-26T21:17:54.783+05:30  INFO 12860 --- [           main] o.h.b.i.BytecodeProviderInitiator        : HHH000021: Bytecode provider name : bytebuddy
2023-06-26T21:17:58.108+05:30 DEBUG 12860 --- [           main] org.hibernate.SQL                        : 
    create global temporary table HTE_med_info(availabe_qty number(10,0), rn_ number(10,0) not null, expiry_date timestamp(6), med_id number(19,0), unit_price float(53), manufacturer varchar2(255 char), med_name varchar2(255 char), status varchar2(255 char), primary key (rn_)) 
        on commit delete rows
Hibernate: 
    create global temporary table HTE_med_info(availabe_qty number(10,0), rn_ number(10,0) not null, expiry_date timestamp(6), med_id number(19,0), unit_price float(53), manufacturer varchar2(255 char), med_name varchar2(255 char), status varchar2(255 char), primary key (rn_)) 
        on commit delete rows
2023-06-26T21:17:58.134+05:30 DEBUG 12860 --- [           main] org.hibernate.SQL                        : 
    create global temporary table HTE_sales_info(rn_ number(10,0) not null, sale_qty number(10,0), sale_value number(10,0), customer_cust_id number(19,0), med_id number(19,0), sale_date timestamp(6), sales_id number(19,0), status varchar2(255 char), primary key (rn_)) 
        on commit delete rows
Hibernate: 
    create global temporary table HTE_sales_info(rn_ number(10,0) not null, sale_qty number(10,0), sale_value number(10,0), customer_cust_id number(19,0), med_id number(19,0), sale_date timestamp(6), sales_id number(19,0), status varchar2(255 char), primary key (rn_)) 
        on commit delete rows
2023-06-26T21:17:58.142+05:30 DEBUG 12860 --- [           main] org.hibernate.SQL                        : 
    create global temporary table HTE_customer_info(age number(10,0), phone_no number(10,0), rn_ number(10,0) not null, cust_id number(19,0), address varchar2(255 char), cust_name varchar2(255 char), gender varchar2(255 char), status varchar2(255 char), primary key (rn_)) 
        on commit delete rows
Hibernate: 
    create global temporary table HTE_customer_info(age number(10,0), phone_no number(10,0), rn_ number(10,0) not null, cust_id number(19,0), address varchar2(255 char), cust_name varchar2(255 char), gender varchar2(255 char), status varchar2(255 char), primary key (rn_)) 
        on commit delete rows
2023-06-26T21:17:58.149+05:30 DEBUG 12860 --- [           main] org.hibernate.SQL                        : 
    create global temporary table HTE_pharma_login(rn_ number(10,0) not null, pharma_id number(19,0), pharmapass varchar2(255 char), pharmauser varchar2(255 char), primary key (rn_)) 
        on commit delete rows
Hibernate: 
    create global temporary table HTE_pharma_login(rn_ number(10,0) not null, pharma_id number(19,0), pharmapass varchar2(255 char), pharmauser varchar2(255 char), primary key (rn_)) 
        on commit delete rows
2023-06-26T21:17:59.116+05:30  INFO 12860 --- [           main] o.h.e.t.j.p.i.JtaPlatformInitiator       : HHH000490: Using JtaPlatform implementation: [org.hibernate.engine.transaction.jta.platform.internal.NoJtaPlatform]
2023-06-26T21:17:59.991+05:30 DEBUG 12860 --- [           main] org.hibernate.SQL                        : 
    alter table med_info 
       modify expiry_date timestamp(6)
Hibernate: 
    alter table med_info 
       modify expiry_date timestamp(6)
2023-06-26T21:18:00.021+05:30 DEBUG 12860 --- [           main] org.hibernate.SQL                        : 
    alter table sales_info 
       modify sale_date timestamp(6)
Hibernate: 
    alter table sales_info 
       modify sale_date timestamp(6)
2023-06-26T21:18:00.088+05:30  INFO 12860 --- [           main] j.LocalContainerEntityManagerFactoryBean : Initialized JPA EntityManagerFactory for persistence unit 'default'
2023-06-26T21:18:05.123+05:30  WARN 12860 --- [           main] JpaBaseConfiguration$JpaWebConfiguration : spring.jpa.open-in-view is enabled by default. Therefore, database queries may be performed during view rendering. Explicitly configure spring.jpa.open-in-view to disable this warning
2023-06-26T21:18:13.552+05:30  INFO 12860 --- [           main] o.s.s.web.DefaultSecurityFilterChain     : Will secure any request with [org.springframework.security.web.session.DisableEncodeUrlFilter@2bc52b08, org.springframework.security.web.context.request.async.WebAsyncManagerIntegrationFilter@6b578779, org.springframework.security.web.context.SecurityContextHolderFilter@38241615, org.springframework.security.web.header.HeaderWriterFilter@1300112e, org.springframework.web.filter.CorsFilter@5da799, org.springframework.security.web.authentication.logout.LogoutFilter@361d169a, org.springframework.security.web.authentication.www.BasicAuthenticationFilter@36def543, org.springframework.security.web.savedrequest.RequestCacheAwareFilter@42fc744, org.springframework.security.web.servletapi.SecurityContextHolderAwareRequestFilter@3db145f7, org.springframework.security.web.authentication.AnonymousAuthenticationFilter@4e797a39, org.springframework.security.web.access.ExceptionTranslationFilter@496e2bdd, org.springframework.security.web.access.intercept.AuthorizationFilter@420dde28]
2023-06-26T21:18:13.620+05:30  WARN 12860 --- [           main] o.s.s.c.a.web.builders.WebSecurity       : 

********************************************************************
**********        Security debugging is enabled.       *************
**********    This may include sensitive information.  *************
**********      Do not use in a production system!     *************
********************************************************************


2023-06-26T21:18:16.566+05:30  INFO 12860 --- [           main] p.P.m.PharmacyManagementApplicationTests : Started PharmacyManagementApplicationTests in 42.003 seconds (process running for 47.804)
]]></system-out>
  </testcase>
</testsuite>